<?xml version="1.0" encoding="UTF-8"?>
<testng-results skipped="0" failed="7" total="7" passed="0">
  <reporter-output>
  </reporter-output>
  <suite name="CPQ End to End Order" duration-ms="2848529" started-at="2019-09-10T08:56:34Z" finished-at="2019-09-10T09:44:03Z">
    <groups>
    </groups>
    <test name="Siebel New Order Onnet" duration-ms="2848529" started-at="2019-09-10T08:56:34Z" finished-at="2019-09-10T09:44:03Z">
      <class name="Testscript.NewOrders">
        <test-method status="PASS" signature="BeforeSuite()[pri:0, instance:Testscript.NewOrders@120ebad]" name="BeforeSuite" is-config="true" duration-ms="510" started-at="2019-09-10T08:56:34Z" finished-at="2019-09-10T08:56:34Z">
          <reporter-output>
          </reporter-output>
        </test-method> <!-- BeforeSuite -->
        <test-method status="PASS" signature="BeforeMethod(java.lang.reflect.Method, org.testng.ITestContext, [Ljava.lang.Object;)[pri:0, instance:Testscript.NewOrders@120ebad]" name="BeforeMethod" is-config="true" duration-ms="7603" started-at="2019-09-10T08:56:35Z" finished-at="2019-09-10T08:56:43Z">
          <params>
            <param index="0">
              <value>
                <![CDATA[public void Testscript.NewOrders.EndtoEndOrderOnnet(java.lang.Object[]) throws java.lang.Exception]]>
              </value>
            </param>
            <param index="1">
              <value>
                <![CDATA[org.testng.TestRunner@1fdffa1]]>
              </value>
            </param>
            <param index="2">
              <value>
                <![CDATA[[Ljava.lang.Object;@ee6fee]]>
              </value>
            </param>
          </params>
          <reporter-output>
          </reporter-output>
        </test-method> <!-- BeforeMethod -->
        <test-method status="PASS" signature="BeforeMethod(java.lang.reflect.Method, org.testng.ITestContext, [Ljava.lang.Object;)[pri:0, instance:Testscript.NewOrders@120ebad]" name="BeforeMethod" is-config="true" duration-ms="7603" started-at="2019-09-10T08:56:35Z" finished-at="2019-09-10T08:56:43Z">
          <params>
            <param index="0">
              <value>
                <![CDATA[public void Testscript.NewOrders.EndtoEndOrderOnnet(java.lang.Object[]) throws java.lang.Exception]]>
              </value>
            </param>
            <param index="1">
              <value>
                <![CDATA[org.testng.TestRunner@1fdffa1]]>
              </value>
            </param>
            <param index="2">
              <value>
                <![CDATA[[Ljava.lang.Object;@162c41e]]>
              </value>
            </param>
          </params>
          <reporter-output>
          </reporter-output>
        </test-method> <!-- BeforeMethod -->
        <test-method status="FAIL" signature="EndtoEndOrderOnnet([Ljava.lang.Object;)[pri:0, instance:Testscript.NewOrders@120ebad]" name="EndtoEndOrderOnnet" duration-ms="845079" started-at="2019-09-10T08:56:43Z" data-provider="NewOrderOnnet" finished-at="2019-09-10T09:10:48Z">
          <params>
            <param index="0">
              <value>
                <![CDATA[[Ljava.lang.Object;@16e1eff]]>
              </value>
            </param>
          </params>
          <exception class="org.openqa.selenium.TimeoutException">
            <message>
              <![CDATA[Expected condition failed: waiting for element to be clickable: [[ChromeDriver: chrome on XP (417239506640c98e67d172e8c7536eb2)] -> xpath: //span[text()='Customer Terminating IPv4 Address']/parent::*//input] (tried for 120 second(s) with 20 SECONDS interval)
Build info: version: '3.4.0', revision: 'unknown', time: 'unknown'
System info: host: 'ULVMCTMUFT103', ip: '10.100.19.192', os.name: 'Windows Server 2008 R2', os.arch: 'x86', os.version: '6.1', java.version: '1.8.0_111'
Driver info: driver.version: unknown]]>
            </message>
            <full-stacktrace>
              <![CDATA[org.openqa.selenium.TimeoutException: Expected condition failed: waiting for element to be clickable: [[ChromeDriver: chrome on XP (417239506640c98e67d172e8c7536eb2)] -> xpath: //span[text()='Customer Terminating IPv4 Address']/parent::*//input] (tried for 120 second(s) with 20 SECONDS interval)
Build info: version: '3.4.0', revision: 'unknown', time: 'unknown'
System info: host: 'ULVMCTMUFT103', ip: '10.100.19.192', os.name: 'Windows Server 2008 R2', os.arch: 'x86', os.version: '6.1', java.version: '1.8.0_111'
Driver info: driver.version: unknown
	at org.openqa.selenium.support.ui.FluentWait.timeoutException(FluentWait.java:264)
	at org.openqa.selenium.support.ui.FluentWait.until(FluentWait.java:232)
	at Driver.DriverHelper$3.apply(DriverHelper.java:321)
	at Driver.DriverHelper$3.apply(DriverHelper.java:1)
	at org.openqa.selenium.support.ui.FluentWait.until(FluentWait.java:209)
	at Driver.DriverHelper.getwebelement(DriverHelper.java:318)
	at ScriptHelper.NewOrderOnnetHelper.enterMandatoryDetailsInMiddleApplet(NewOrderOnnetHelper.java:3081)
	at Testscript.NewOrders.EndtoEndOrderOnnet(NewOrders.java:27)
	at sun.reflect.NativeMethodAccessorImpl.invoke0(Native Method)
	at sun.reflect.NativeMethodAccessorImpl.invoke(Unknown Source)
	at sun.reflect.DelegatingMethodAccessorImpl.invoke(Unknown Source)
	at java.lang.reflect.Method.invoke(Unknown Source)
	at org.testng.internal.MethodInvocationHelper.invokeMethod(MethodInvocationHelper.java:84)
	at org.testng.internal.Invoker.invokeMethod(Invoker.java:714)
	at org.testng.internal.Invoker.invokeTestMethod(Invoker.java:901)
	at org.testng.internal.TestMethodWithDataProviderMethodWorker.call(TestMethodWithDataProviderMethodWorker.java:73)
	at org.testng.internal.TestMethodWithDataProviderMethodWorker.call(TestMethodWithDataProviderMethodWorker.java:14)
	at java.util.concurrent.FutureTask.run(Unknown Source)
	at java.util.concurrent.Executors$RunnableAdapter.call(Unknown Source)
	at java.util.concurrent.FutureTask.run(Unknown Source)
	at java.util.concurrent.ThreadPoolExecutor.runWorker(Unknown Source)
	at java.util.concurrent.ThreadPoolExecutor$Worker.run(Unknown Source)
	at java.lang.Thread.run(Unknown Source)
]]>
            </full-stacktrace>
          </exception> <!-- org.openqa.selenium.TimeoutException -->
          <reporter-output>
          </reporter-output>
        </test-method> <!-- EndtoEndOrderOnnet -->
        <test-method status="FAIL" signature="EndtoEndOrderOnnet([Ljava.lang.Object;)[pri:0, instance:Testscript.NewOrders@120ebad]" name="EndtoEndOrderOnnet" duration-ms="696114" started-at="2019-09-10T08:56:43Z" data-provider="NewOrderOnnet" finished-at="2019-09-10T09:08:19Z">
          <params>
            <param index="0">
              <value>
                <![CDATA[[Ljava.lang.Object;@1a4013]]>
              </value>
            </param>
          </params>
          <exception class="org.openqa.selenium.TimeoutException">
            <message>
              <![CDATA[Expected condition failed: waiting for element to be clickable: By.xpath: //li[text()='Austria'] (tried for 120 second(s) with 20 SECONDS interval)]]>
            </message>
            <full-stacktrace>
              <![CDATA[org.openqa.selenium.TimeoutException: Expected condition failed: waiting for element to be clickable: By.xpath: //li[text()='Austria'] (tried for 120 second(s) with 20 SECONDS interval)
	at org.openqa.selenium.support.ui.FluentWait.timeoutException(FluentWait.java:264)
	at org.openqa.selenium.support.ui.FluentWait.until(FluentWait.java:232)
	at Driver.DriverHelper.WaitforElementtobeclickable(DriverHelper.java:163)
	at ScriptHelper.NewOrderOnnetHelper.enterMandatoryDetailsInMiddleApplet(NewOrderOnnetHelper.java:2020)
	at Testscript.NewOrders.EndtoEndOrderOnnet(NewOrders.java:27)
	at sun.reflect.NativeMethodAccessorImpl.invoke0(Native Method)
	at sun.reflect.NativeMethodAccessorImpl.invoke(Unknown Source)
	at sun.reflect.DelegatingMethodAccessorImpl.invoke(Unknown Source)
	at java.lang.reflect.Method.invoke(Unknown Source)
	at org.testng.internal.MethodInvocationHelper.invokeMethod(MethodInvocationHelper.java:84)
	at org.testng.internal.Invoker.invokeMethod(Invoker.java:714)
	at org.testng.internal.Invoker.invokeTestMethod(Invoker.java:901)
	at org.testng.internal.TestMethodWithDataProviderMethodWorker.call(TestMethodWithDataProviderMethodWorker.java:73)
	at org.testng.internal.TestMethodWithDataProviderMethodWorker.call(TestMethodWithDataProviderMethodWorker.java:14)
	at java.util.concurrent.FutureTask.run(Unknown Source)
	at java.util.concurrent.Executors$RunnableAdapter.call(Unknown Source)
	at java.util.concurrent.FutureTask.run(Unknown Source)
	at java.util.concurrent.ThreadPoolExecutor.runWorker(Unknown Source)
	at java.util.concurrent.ThreadPoolExecutor$Worker.run(Unknown Source)
	at java.lang.Thread.run(Unknown Source)
Caused by: org.openqa.selenium.NoSuchElementException: Cannot locate an element using By.xpath: //li[text()='Austria']
For documentation on this error, please visit: http://seleniumhq.org/exceptions/no_such_element.html
Build info: version: '3.4.0', revision: 'unknown', time: 'unknown'
System info: host: 'ULVMCTMUFT103', ip: '10.100.19.192', os.name: 'Windows Server 2008 R2', os.arch: 'x86', os.version: '6.1', java.version: '1.8.0_111'
Driver info: driver.version: unknown
	at org.openqa.selenium.support.ui.ExpectedConditions.lambda$findElement$0(ExpectedConditions.java:883)
	at java.util.Optional.orElseThrow(Unknown Source)
	at org.openqa.selenium.support.ui.ExpectedConditions.findElement(ExpectedConditions.java:882)
	at org.openqa.selenium.support.ui.ExpectedConditions.access$000(ExpectedConditions.java:44)
	at org.openqa.selenium.support.ui.ExpectedConditions$7.apply(ExpectedConditions.java:206)
	at org.openqa.selenium.support.ui.ExpectedConditions$7.apply(ExpectedConditions.java:202)
	at org.openqa.selenium.support.ui.ExpectedConditions$22.apply(ExpectedConditions.java:644)
	at org.openqa.selenium.support.ui.ExpectedConditions$22.apply(ExpectedConditions.java:641)
	at org.openqa.selenium.support.ui.FluentWait.until(FluentWait.java:209)
	... 18 more
]]>
            </full-stacktrace>
          </exception> <!-- org.openqa.selenium.TimeoutException -->
          <reporter-output>
          </reporter-output>
        </test-method> <!-- EndtoEndOrderOnnet -->
        <test-method status="PASS" signature="Teardown2()[pri:0, instance:Testscript.NewOrders@120ebad]" name="Teardown2" is-config="true" duration-ms="2379" started-at="2019-09-10T09:08:20Z" finished-at="2019-09-10T09:08:23Z">
          <reporter-output>
          </reporter-output>
        </test-method> <!-- Teardown2 -->
        <test-method status="PASS" signature="BeforeMethod(java.lang.reflect.Method, org.testng.ITestContext, [Ljava.lang.Object;)[pri:0, instance:Testscript.NewOrders@120ebad]" name="BeforeMethod" is-config="true" duration-ms="7005" started-at="2019-09-10T09:08:23Z" finished-at="2019-09-10T09:08:30Z">
          <params>
            <param index="0">
              <value>
                <![CDATA[public void Testscript.NewOrders.EndtoEndOrderOnnet(java.lang.Object[]) throws java.lang.Exception]]>
              </value>
            </param>
            <param index="1">
              <value>
                <![CDATA[org.testng.TestRunner@1fdffa1]]>
              </value>
            </param>
            <param index="2">
              <value>
                <![CDATA[[Ljava.lang.Object;@10f2471]]>
              </value>
            </param>
          </params>
          <reporter-output>
          </reporter-output>
        </test-method> <!-- BeforeMethod -->
        <test-method status="FAIL" signature="EndtoEndOrderOnnet([Ljava.lang.Object;)[pri:0, instance:Testscript.NewOrders@120ebad]" name="EndtoEndOrderOnnet" duration-ms="933354" started-at="2019-09-10T09:08:30Z" data-provider="NewOrderOnnet" finished-at="2019-09-10T09:24:03Z">
          <params>
            <param index="0">
              <value>
                <![CDATA[[Ljava.lang.Object;@6f16f3]]>
              </value>
            </param>
          </params>
          <exception class="org.openqa.selenium.TimeoutException">
            <message>
              <![CDATA[Expected condition failed: waiting for element to be clickable: By.xpath: (//button[@aria-label='Service Orders:Manual Validation'])[2] (tried for 120 second(s) with 20 SECONDS interval)
Build info: version: '3.4.0', revision: 'unknown', time: 'unknown'
System info: host: 'ULVMCTMUFT103', ip: '10.100.19.192', os.name: 'Windows Server 2008 R2', os.arch: 'x86', os.version: '6.1', java.version: '1.8.0_111'
Driver info: driver.version: unknown]]>
            </message>
            <full-stacktrace>
              <![CDATA[org.openqa.selenium.TimeoutException: Expected condition failed: waiting for element to be clickable: By.xpath: (//button[@aria-label='Service Orders:Manual Validation'])[2] (tried for 120 second(s) with 20 SECONDS interval)
Build info: version: '3.4.0', revision: 'unknown', time: 'unknown'
System info: host: 'ULVMCTMUFT103', ip: '10.100.19.192', os.name: 'Windows Server 2008 R2', os.arch: 'x86', os.version: '6.1', java.version: '1.8.0_111'
Driver info: driver.version: unknown
	at org.openqa.selenium.support.ui.FluentWait.timeoutException(FluentWait.java:264)
	at org.openqa.selenium.support.ui.FluentWait.until(FluentWait.java:232)
	at Driver.DriverHelper.WaitforElementtobeclickable(DriverHelper.java:163)
	at ScriptHelper.NewOrderOnnetHelper.clickOnManualValidationB(NewOrderOnnetHelper.java:3466)
	at Testscript.NewOrders.EndtoEndOrderOnnet(NewOrders.java:43)
	at sun.reflect.NativeMethodAccessorImpl.invoke0(Native Method)
	at sun.reflect.NativeMethodAccessorImpl.invoke(Unknown Source)
	at sun.reflect.DelegatingMethodAccessorImpl.invoke(Unknown Source)
	at java.lang.reflect.Method.invoke(Unknown Source)
	at org.testng.internal.MethodInvocationHelper.invokeMethod(MethodInvocationHelper.java:84)
	at org.testng.internal.Invoker.invokeMethod(Invoker.java:714)
	at org.testng.internal.Invoker.invokeTestMethod(Invoker.java:901)
	at org.testng.internal.TestMethodWithDataProviderMethodWorker.call(TestMethodWithDataProviderMethodWorker.java:73)
	at org.testng.internal.TestMethodWithDataProviderMethodWorker.call(TestMethodWithDataProviderMethodWorker.java:14)
	at java.util.concurrent.FutureTask.run(Unknown Source)
	at java.util.concurrent.Executors$RunnableAdapter.call(Unknown Source)
	at java.util.concurrent.FutureTask.run(Unknown Source)
	at java.util.concurrent.ThreadPoolExecutor.runWorker(Unknown Source)
	at java.util.concurrent.ThreadPoolExecutor$Worker.run(Unknown Source)
	at java.lang.Thread.run(Unknown Source)
]]>
            </full-stacktrace>
          </exception> <!-- org.openqa.selenium.TimeoutException -->
          <reporter-output>
          </reporter-output>
        </test-method> <!-- EndtoEndOrderOnnet -->
        <test-method status="PASS" signature="Teardown2()[pri:0, instance:Testscript.NewOrders@120ebad]" name="Teardown2" is-config="true" duration-ms="2460" started-at="2019-09-10T09:10:49Z" finished-at="2019-09-10T09:10:51Z">
          <reporter-output>
          </reporter-output>
        </test-method> <!-- Teardown2 -->
        <test-method status="PASS" signature="BeforeMethod(java.lang.reflect.Method, org.testng.ITestContext, [Ljava.lang.Object;)[pri:0, instance:Testscript.NewOrders@120ebad]" name="BeforeMethod" is-config="true" duration-ms="6739" started-at="2019-09-10T09:10:51Z" finished-at="2019-09-10T09:10:58Z">
          <params>
            <param index="0">
              <value>
                <![CDATA[public void Testscript.NewOrders.EndtoEndOrderOnnet(java.lang.Object[]) throws java.lang.Exception]]>
              </value>
            </param>
            <param index="1">
              <value>
                <![CDATA[org.testng.TestRunner@1fdffa1]]>
              </value>
            </param>
            <param index="2">
              <value>
                <![CDATA[[Ljava.lang.Object;@133da86]]>
              </value>
            </param>
          </params>
          <reporter-output>
          </reporter-output>
        </test-method> <!-- BeforeMethod -->
        <test-method status="FAIL" signature="EndtoEndOrderOnnet([Ljava.lang.Object;)[pri:0, instance:Testscript.NewOrders@120ebad]" name="EndtoEndOrderOnnet" duration-ms="1031944" started-at="2019-09-10T09:10:58Z" data-provider="NewOrderOnnet" finished-at="2019-09-10T09:28:10Z">
          <params>
            <param index="0">
              <value>
                <![CDATA[[Ljava.lang.Object;@2b8b12]]>
              </value>
            </param>
          </params>
          <exception class="org.openqa.selenium.TimeoutException">
            <message>
              <![CDATA[Expected condition failed: waiting for element to be clickable: By.xpath: (//button[@aria-label='Service Orders:Manual Validation'])[2] (tried for 120 second(s) with 20 SECONDS interval)
Build info: version: '3.4.0', revision: 'unknown', time: 'unknown'
System info: host: 'ULVMCTMUFT103', ip: '10.100.19.192', os.name: 'Windows Server 2008 R2', os.arch: 'x86', os.version: '6.1', java.version: '1.8.0_111'
Driver info: driver.version: unknown]]>
            </message>
            <full-stacktrace>
              <![CDATA[org.openqa.selenium.TimeoutException: Expected condition failed: waiting for element to be clickable: By.xpath: (//button[@aria-label='Service Orders:Manual Validation'])[2] (tried for 120 second(s) with 20 SECONDS interval)
Build info: version: '3.4.0', revision: 'unknown', time: 'unknown'
System info: host: 'ULVMCTMUFT103', ip: '10.100.19.192', os.name: 'Windows Server 2008 R2', os.arch: 'x86', os.version: '6.1', java.version: '1.8.0_111'
Driver info: driver.version: unknown
	at org.openqa.selenium.support.ui.FluentWait.timeoutException(FluentWait.java:264)
	at org.openqa.selenium.support.ui.FluentWait.until(FluentWait.java:232)
	at Driver.DriverHelper.WaitforElementtobeclickable(DriverHelper.java:163)
	at ScriptHelper.NewOrderOnnetHelper.clickOnManualValidationB(NewOrderOnnetHelper.java:3466)
	at Testscript.NewOrders.EndtoEndOrderOnnet(NewOrders.java:43)
	at sun.reflect.NativeMethodAccessorImpl.invoke0(Native Method)
	at sun.reflect.NativeMethodAccessorImpl.invoke(Unknown Source)
	at sun.reflect.DelegatingMethodAccessorImpl.invoke(Unknown Source)
	at java.lang.reflect.Method.invoke(Unknown Source)
	at org.testng.internal.MethodInvocationHelper.invokeMethod(MethodInvocationHelper.java:84)
	at org.testng.internal.Invoker.invokeMethod(Invoker.java:714)
	at org.testng.internal.Invoker.invokeTestMethod(Invoker.java:901)
	at org.testng.internal.TestMethodWithDataProviderMethodWorker.call(TestMethodWithDataProviderMethodWorker.java:73)
	at org.testng.internal.TestMethodWithDataProviderMethodWorker.call(TestMethodWithDataProviderMethodWorker.java:14)
	at java.util.concurrent.FutureTask.run(Unknown Source)
	at java.util.concurrent.Executors$RunnableAdapter.call(Unknown Source)
	at java.util.concurrent.FutureTask.run(Unknown Source)
	at java.util.concurrent.ThreadPoolExecutor.runWorker(Unknown Source)
	at java.util.concurrent.ThreadPoolExecutor$Worker.run(Unknown Source)
	at java.lang.Thread.run(Unknown Source)
]]>
            </full-stacktrace>
          </exception> <!-- org.openqa.selenium.TimeoutException -->
          <reporter-output>
          </reporter-output>
        </test-method> <!-- EndtoEndOrderOnnet -->
        <test-method status="PASS" signature="Teardown2()[pri:0, instance:Testscript.NewOrders@120ebad]" name="Teardown2" is-config="true" duration-ms="2454" started-at="2019-09-10T09:24:04Z" finished-at="2019-09-10T09:24:06Z">
          <reporter-output>
          </reporter-output>
        </test-method> <!-- Teardown2 -->
        <test-method status="PASS" signature="BeforeMethod(java.lang.reflect.Method, org.testng.ITestContext, [Ljava.lang.Object;)[pri:0, instance:Testscript.NewOrders@120ebad]" name="BeforeMethod" is-config="true" duration-ms="7391" started-at="2019-09-10T09:24:06Z" finished-at="2019-09-10T09:24:14Z">
          <params>
            <param index="0">
              <value>
                <![CDATA[public void Testscript.NewOrders.EndtoEndOrderOnnet(java.lang.Object[]) throws java.lang.Exception]]>
              </value>
            </param>
            <param index="1">
              <value>
                <![CDATA[org.testng.TestRunner@1fdffa1]]>
              </value>
            </param>
            <param index="2">
              <value>
                <![CDATA[[Ljava.lang.Object;@32a28a]]>
              </value>
            </param>
          </params>
          <reporter-output>
          </reporter-output>
        </test-method> <!-- BeforeMethod -->
        <test-method status="FAIL" signature="EndtoEndOrderOnnet([Ljava.lang.Object;)[pri:0, instance:Testscript.NewOrders@120ebad]" name="EndtoEndOrderOnnet" duration-ms="391801" started-at="2019-09-10T09:24:14Z" data-provider="NewOrderOnnet" finished-at="2019-09-10T09:30:45Z">
          <params>
            <param index="0">
              <value>
                <![CDATA[[Ljava.lang.Object;@e357dc]]>
              </value>
            </param>
          </params>
          <exception class="org.openqa.selenium.TimeoutException">
            <message>
              <![CDATA[Expected condition failed: waiting for Driver.DriverHelper$3@1ec67e1 (tried for 120 second(s) with 20 SECONDS interval)]]>
            </message>
            <full-stacktrace>
              <![CDATA[org.openqa.selenium.TimeoutException: Expected condition failed: waiting for Driver.DriverHelper$3@1ec67e1 (tried for 120 second(s) with 20 SECONDS interval)
	at org.openqa.selenium.support.ui.FluentWait.timeoutException(FluentWait.java:264)
	at org.openqa.selenium.support.ui.FluentWait.until(FluentWait.java:232)
	at Driver.DriverHelper.getwebelement(DriverHelper.java:318)
	at ScriptHelper.NewOrderOnnetHelper.createCustomerOrder(NewOrderOnnetHelper.java:114)
	at Testscript.NewOrders.EndtoEndOrderOnnet(NewOrders.java:22)
	at sun.reflect.NativeMethodAccessorImpl.invoke0(Native Method)
	at sun.reflect.NativeMethodAccessorImpl.invoke(Unknown Source)
	at sun.reflect.DelegatingMethodAccessorImpl.invoke(Unknown Source)
	at java.lang.reflect.Method.invoke(Unknown Source)
	at org.testng.internal.MethodInvocationHelper.invokeMethod(MethodInvocationHelper.java:84)
	at org.testng.internal.Invoker.invokeMethod(Invoker.java:714)
	at org.testng.internal.Invoker.invokeTestMethod(Invoker.java:901)
	at org.testng.internal.TestMethodWithDataProviderMethodWorker.call(TestMethodWithDataProviderMethodWorker.java:73)
	at org.testng.internal.TestMethodWithDataProviderMethodWorker.call(TestMethodWithDataProviderMethodWorker.java:14)
	at java.util.concurrent.FutureTask.run(Unknown Source)
	at java.util.concurrent.Executors$RunnableAdapter.call(Unknown Source)
	at java.util.concurrent.FutureTask.run(Unknown Source)
	at java.util.concurrent.ThreadPoolExecutor.runWorker(Unknown Source)
	at java.util.concurrent.ThreadPoolExecutor$Worker.run(Unknown Source)
	at java.lang.Thread.run(Unknown Source)
Caused by: org.openqa.selenium.NoSuchElementException: no such element: Unable to locate element: {"method":"xpath","selector":"//*[@class='ui-menu-item'][text()='Street Name']"}
  (Session info: chrome=76.0.3809.132)
  (Driver info: chromedriver=2.40.565498 (ea082db3280dd6843ebfb08a625e3eb905c4f5ab),platform=Windows NT 6.1.7601 SP1 x86_64) (WARNING: The server did not provide any stacktrace information)
Command duration or timeout: 15 milliseconds
For documentation on this error, please visit: http://seleniumhq.org/exceptions/no_such_element.html
Build info: version: '3.4.0', revision: 'unknown', time: 'unknown'
System info: host: 'ULVMCTMUFT103', ip: '10.100.19.192', os.name: 'Windows Server 2008 R2', os.arch: 'x86', os.version: '6.1', java.version: '1.8.0_111'
Driver info: org.openqa.selenium.chrome.ChromeDriver
Capabilities [{applicationCacheEnabled=false, rotatable=false, mobileEmulationEnabled=false, networkConnectionEnabled=false, chrome={chromedriverVersion=2.40.565498 (ea082db3280dd6843ebfb08a625e3eb905c4f5ab), userDataDir=C:\Users\ASINGH~1\AppData\Local\Temp\16\scoped_dir17084_31316}, takesHeapSnapshot=true, pageLoadStrategy=none, databaseEnabled=false, handlesAlerts=true, hasTouchScreen=false, version=76.0.3809.132, platform=XP, browserConnectionEnabled=false, nativeEvents=true, acceptSslCerts=false, acceptInsecureCerts=false, locationContextEnabled=true, webStorageEnabled=true, browserName=chrome, takesScreenshot=true, javascriptEnabled=true, cssSelectorsEnabled=true, setWindowRect=true, unexpectedAlertBehaviour=}]
Session ID: 4eda68e1373e711f64389aee160baf2a
*** Element info: {Using=xpath, value=//*[@class='ui-menu-item'][text()='Street Name']}
	at sun.reflect.NativeConstructorAccessorImpl.newInstance0(Native Method)
	at sun.reflect.NativeConstructorAccessorImpl.newInstance(Unknown Source)
	at sun.reflect.DelegatingConstructorAccessorImpl.newInstance(Unknown Source)
	at java.lang.reflect.Constructor.newInstance(Unknown Source)
	at org.openqa.selenium.remote.ErrorHandler.createThrowable(ErrorHandler.java:215)
	at org.openqa.selenium.remote.ErrorHandler.throwIfResponseFailed(ErrorHandler.java:167)
	at org.openqa.selenium.remote.RemoteWebDriver.execute(RemoteWebDriver.java:671)
	at org.openqa.selenium.remote.RemoteWebDriver.findElement(RemoteWebDriver.java:410)
	at org.openqa.selenium.remote.RemoteWebDriver.findElementByXPath(RemoteWebDriver.java:509)
	at org.openqa.selenium.By$ByXPath.findElement(By.java:361)
	at org.openqa.selenium.remote.RemoteWebDriver.findElement(RemoteWebDriver.java:402)
	at Driver.DriverHelper$3.apply(DriverHelper.java:320)
	at Driver.DriverHelper$3.apply(DriverHelper.java:1)
	at org.openqa.selenium.support.ui.FluentWait.until(FluentWait.java:209)
	... 18 more
]]>
            </full-stacktrace>
          </exception> <!-- org.openqa.selenium.TimeoutException -->
          <reporter-output>
          </reporter-output>
        </test-method> <!-- EndtoEndOrderOnnet -->
        <test-method status="PASS" signature="Teardown2()[pri:0, instance:Testscript.NewOrders@120ebad]" name="Teardown2" is-config="true" duration-ms="2314" started-at="2019-09-10T09:28:11Z" finished-at="2019-09-10T09:28:13Z">
          <reporter-output>
          </reporter-output>
        </test-method> <!-- Teardown2 -->
        <test-method status="PASS" signature="BeforeMethod(java.lang.reflect.Method, org.testng.ITestContext, [Ljava.lang.Object;)[pri:0, instance:Testscript.NewOrders@120ebad]" name="BeforeMethod" is-config="true" duration-ms="6881" started-at="2019-09-10T09:28:13Z" finished-at="2019-09-10T09:28:20Z">
          <params>
            <param index="0">
              <value>
                <![CDATA[public void Testscript.NewOrders.EndtoEndOrderOnnet(java.lang.Object[]) throws java.lang.Exception]]>
              </value>
            </param>
            <param index="1">
              <value>
                <![CDATA[org.testng.TestRunner@1fdffa1]]>
              </value>
            </param>
            <param index="2">
              <value>
                <![CDATA[[Ljava.lang.Object;@1e22a3d]]>
              </value>
            </param>
          </params>
          <reporter-output>
          </reporter-output>
        </test-method> <!-- BeforeMethod -->
        <test-method status="FAIL" signature="EndtoEndOrderOnnet([Ljava.lang.Object;)[pri:0, instance:Testscript.NewOrders@120ebad]" name="EndtoEndOrderOnnet" duration-ms="380645" started-at="2019-09-10T09:28:20Z" data-provider="NewOrderOnnet" finished-at="2019-09-10T09:34:40Z">
          <params>
            <param index="0">
              <value>
                <![CDATA[[Ljava.lang.Object;@1912c99]]>
              </value>
            </param>
          </params>
          <exception class="org.openqa.selenium.TimeoutException">
            <message>
              <![CDATA[Expected condition failed: waiting for Driver.DriverHelper$3@fc21af (tried for 120 second(s) with 20 SECONDS interval)]]>
            </message>
            <full-stacktrace>
              <![CDATA[org.openqa.selenium.TimeoutException: Expected condition failed: waiting for Driver.DriverHelper$3@fc21af (tried for 120 second(s) with 20 SECONDS interval)
	at org.openqa.selenium.support.ui.FluentWait.timeoutException(FluentWait.java:264)
	at org.openqa.selenium.support.ui.FluentWait.until(FluentWait.java:232)
	at Driver.DriverHelper.getwebelement(DriverHelper.java:318)
	at ScriptHelper.NewOrderOnnetHelper.createCustomerOrder(NewOrderOnnetHelper.java:114)
	at Testscript.NewOrders.EndtoEndOrderOnnet(NewOrders.java:22)
	at sun.reflect.NativeMethodAccessorImpl.invoke0(Native Method)
	at sun.reflect.NativeMethodAccessorImpl.invoke(Unknown Source)
	at sun.reflect.DelegatingMethodAccessorImpl.invoke(Unknown Source)
	at java.lang.reflect.Method.invoke(Unknown Source)
	at org.testng.internal.MethodInvocationHelper.invokeMethod(MethodInvocationHelper.java:84)
	at org.testng.internal.Invoker.invokeMethod(Invoker.java:714)
	at org.testng.internal.Invoker.invokeTestMethod(Invoker.java:901)
	at org.testng.internal.TestMethodWithDataProviderMethodWorker.call(TestMethodWithDataProviderMethodWorker.java:73)
	at org.testng.internal.TestMethodWithDataProviderMethodWorker.call(TestMethodWithDataProviderMethodWorker.java:14)
	at java.util.concurrent.FutureTask.run(Unknown Source)
	at java.util.concurrent.Executors$RunnableAdapter.call(Unknown Source)
	at java.util.concurrent.FutureTask.run(Unknown Source)
	at java.util.concurrent.ThreadPoolExecutor.runWorker(Unknown Source)
	at java.util.concurrent.ThreadPoolExecutor$Worker.run(Unknown Source)
	at java.lang.Thread.run(Unknown Source)
Caused by: org.openqa.selenium.NoSuchElementException: no such element: Unable to locate element: {"method":"xpath","selector":"//*[@class='ui-menu-item'][text()='Street Name']"}
  (Session info: chrome=76.0.3809.132)
  (Driver info: chromedriver=2.40.565498 (ea082db3280dd6843ebfb08a625e3eb905c4f5ab),platform=Windows NT 6.1.7601 SP1 x86_64) (WARNING: The server did not provide any stacktrace information)
Command duration or timeout: 14 milliseconds
For documentation on this error, please visit: http://seleniumhq.org/exceptions/no_such_element.html
Build info: version: '3.4.0', revision: 'unknown', time: 'unknown'
System info: host: 'ULVMCTMUFT103', ip: '10.100.19.192', os.name: 'Windows Server 2008 R2', os.arch: 'x86', os.version: '6.1', java.version: '1.8.0_111'
Driver info: org.openqa.selenium.chrome.ChromeDriver
Capabilities [{applicationCacheEnabled=false, rotatable=false, mobileEmulationEnabled=false, networkConnectionEnabled=false, chrome={chromedriverVersion=2.40.565498 (ea082db3280dd6843ebfb08a625e3eb905c4f5ab), userDataDir=C:\Users\ASINGH~1\AppData\Local\Temp\16\scoped_dir15892_16790}, takesHeapSnapshot=true, pageLoadStrategy=none, databaseEnabled=false, handlesAlerts=true, hasTouchScreen=false, version=76.0.3809.132, platform=XP, browserConnectionEnabled=false, nativeEvents=true, acceptSslCerts=false, acceptInsecureCerts=false, locationContextEnabled=true, webStorageEnabled=true, browserName=chrome, takesScreenshot=true, javascriptEnabled=true, cssSelectorsEnabled=true, setWindowRect=true, unexpectedAlertBehaviour=}]
Session ID: 16ada9e468e25cf1db8130d8a1bfe2b9
*** Element info: {Using=xpath, value=//*[@class='ui-menu-item'][text()='Street Name']}
	at sun.reflect.GeneratedConstructorAccessor25.newInstance(Unknown Source)
	at sun.reflect.DelegatingConstructorAccessorImpl.newInstance(Unknown Source)
	at java.lang.reflect.Constructor.newInstance(Unknown Source)
	at org.openqa.selenium.remote.ErrorHandler.createThrowable(ErrorHandler.java:215)
	at org.openqa.selenium.remote.ErrorHandler.throwIfResponseFailed(ErrorHandler.java:167)
	at org.openqa.selenium.remote.RemoteWebDriver.execute(RemoteWebDriver.java:671)
	at org.openqa.selenium.remote.RemoteWebDriver.findElement(RemoteWebDriver.java:410)
	at org.openqa.selenium.remote.RemoteWebDriver.findElementByXPath(RemoteWebDriver.java:509)
	at org.openqa.selenium.By$ByXPath.findElement(By.java:361)
	at org.openqa.selenium.remote.RemoteWebDriver.findElement(RemoteWebDriver.java:402)
	at Driver.DriverHelper$3.apply(DriverHelper.java:320)
	at Driver.DriverHelper$3.apply(DriverHelper.java:1)
	at org.openqa.selenium.support.ui.FluentWait.until(FluentWait.java:209)
	... 18 more
]]>
            </full-stacktrace>
          </exception> <!-- org.openqa.selenium.TimeoutException -->
          <reporter-output>
          </reporter-output>
        </test-method> <!-- EndtoEndOrderOnnet -->
        <test-method status="PASS" signature="Teardown2()[pri:0, instance:Testscript.NewOrders@120ebad]" name="Teardown2" is-config="true" duration-ms="2386" started-at="2019-09-10T09:30:46Z" finished-at="2019-09-10T09:30:48Z">
          <reporter-output>
          </reporter-output>
        </test-method> <!-- Teardown2 -->
        <test-method status="PASS" signature="BeforeMethod(java.lang.reflect.Method, org.testng.ITestContext, [Ljava.lang.Object;)[pri:0, instance:Testscript.NewOrders@120ebad]" name="BeforeMethod" is-config="true" duration-ms="6967" started-at="2019-09-10T09:30:48Z" finished-at="2019-09-10T09:30:55Z">
          <params>
            <param index="0">
              <value>
                <![CDATA[public void Testscript.NewOrders.EndtoEndOrderOnnet(java.lang.Object[]) throws java.lang.Exception]]>
              </value>
            </param>
            <param index="1">
              <value>
                <![CDATA[org.testng.TestRunner@1fdffa1]]>
              </value>
            </param>
            <param index="2">
              <value>
                <![CDATA[[Ljava.lang.Object;@1faa49c]]>
              </value>
            </param>
          </params>
          <reporter-output>
          </reporter-output>
        </test-method> <!-- BeforeMethod -->
        <test-method status="FAIL" signature="EndtoEndOrderOnnet([Ljava.lang.Object;)[pri:0, instance:Testscript.NewOrders@120ebad]" name="EndtoEndOrderOnnet" duration-ms="784506" started-at="2019-09-10T09:30:55Z" data-provider="NewOrderOnnet" finished-at="2019-09-10T09:44:00Z">
          <params>
            <param index="0">
              <value>
                <![CDATA[[Ljava.lang.Object;@10163d6]]>
              </value>
            </param>
          </params>
          <exception class="org.openqa.selenium.NoSuchElementException">
            <message>
              <![CDATA[no such element: Unable to locate element: {"method":"id","selector":"'s_SweFileName' and @title"}
  (Session info: chrome=76.0.3809.132)
  (Driver info: chromedriver=2.40.565498 (ea082db3280dd6843ebfb08a625e3eb905c4f5ab),platform=Windows NT 6.1.7601 SP1 x86_64) (WARNING: The server did not provide any stacktrace information)
Command duration or timeout: 20 milliseconds
For documentation on this error, please visit: http://seleniumhq.org/exceptions/no_such_element.html
Build info: version: '3.4.0', revision: 'unknown', time: 'unknown'
System info: host: 'ULVMCTMUFT103', ip: '10.100.19.192', os.name: 'Windows Server 2008 R2', os.arch: 'x86', os.version: '6.1', java.version: '1.8.0_111'
Driver info: org.openqa.selenium.chrome.ChromeDriver
Capabilities [{applicationCacheEnabled=false, rotatable=false, mobileEmulationEnabled=false, networkConnectionEnabled=false, chrome={chromedriverVersion=2.40.565498 (ea082db3280dd6843ebfb08a625e3eb905c4f5ab), userDataDir=C:\Users\ASINGH~1\AppData\Local\Temp\16\scoped_dir7144_15171}, takesHeapSnapshot=true, pageLoadStrategy=none, databaseEnabled=false, handlesAlerts=true, hasTouchScreen=false, version=76.0.3809.132, platform=XP, browserConnectionEnabled=false, nativeEvents=true, acceptSslCerts=false, acceptInsecureCerts=false, locationContextEnabled=true, webStorageEnabled=true, browserName=chrome, takesScreenshot=true, javascriptEnabled=true, cssSelectorsEnabled=true, setWindowRect=true, unexpectedAlertBehaviour=}]
Session ID: 3679827d0bca4222b418507b5b714f08
*** Element info: {Using=id, value='s_SweFileName' and @title}]]>
            </message>
            <full-stacktrace>
              <![CDATA[org.openqa.selenium.NoSuchElementException: no such element: Unable to locate element: {"method":"id","selector":"'s_SweFileName' and @title"}
  (Session info: chrome=76.0.3809.132)
  (Driver info: chromedriver=2.40.565498 (ea082db3280dd6843ebfb08a625e3eb905c4f5ab),platform=Windows NT 6.1.7601 SP1 x86_64) (WARNING: The server did not provide any stacktrace information)
Command duration or timeout: 20 milliseconds
For documentation on this error, please visit: http://seleniumhq.org/exceptions/no_such_element.html
Build info: version: '3.4.0', revision: 'unknown', time: 'unknown'
System info: host: 'ULVMCTMUFT103', ip: '10.100.19.192', os.name: 'Windows Server 2008 R2', os.arch: 'x86', os.version: '6.1', java.version: '1.8.0_111'
Driver info: org.openqa.selenium.chrome.ChromeDriver
Capabilities [{applicationCacheEnabled=false, rotatable=false, mobileEmulationEnabled=false, networkConnectionEnabled=false, chrome={chromedriverVersion=2.40.565498 (ea082db3280dd6843ebfb08a625e3eb905c4f5ab), userDataDir=C:\Users\ASINGH~1\AppData\Local\Temp\16\scoped_dir7144_15171}, takesHeapSnapshot=true, pageLoadStrategy=none, databaseEnabled=false, handlesAlerts=true, hasTouchScreen=false, version=76.0.3809.132, platform=XP, browserConnectionEnabled=false, nativeEvents=true, acceptSslCerts=false, acceptInsecureCerts=false, locationContextEnabled=true, webStorageEnabled=true, browserName=chrome, takesScreenshot=true, javascriptEnabled=true, cssSelectorsEnabled=true, setWindowRect=true, unexpectedAlertBehaviour=}]
Session ID: 3679827d0bca4222b418507b5b714f08
*** Element info: {Using=id, value='s_SweFileName' and @title}
	at sun.reflect.GeneratedConstructorAccessor25.newInstance(Unknown Source)
	at sun.reflect.DelegatingConstructorAccessorImpl.newInstance(Unknown Source)
	at java.lang.reflect.Constructor.newInstance(Unknown Source)
	at org.openqa.selenium.remote.ErrorHandler.createThrowable(ErrorHandler.java:215)
	at org.openqa.selenium.remote.ErrorHandler.throwIfResponseFailed(ErrorHandler.java:167)
	at org.openqa.selenium.remote.RemoteWebDriver.execute(RemoteWebDriver.java:671)
	at org.openqa.selenium.remote.RemoteWebDriver.findElement(RemoteWebDriver.java:410)
	at org.openqa.selenium.remote.RemoteWebDriver.findElementById(RemoteWebDriver.java:453)
	at org.openqa.selenium.By$ById.findElement(By.java:218)
	at org.openqa.selenium.remote.RemoteWebDriver.findElement(RemoteWebDriver.java:402)
	at Driver.DriverHelper.uploadafile(DriverHelper.java:753)
	at ScriptHelper.NewOrderOnnetHelper.UploadSOWTypeDocument(NewOrderOnnetHelper.java:3364)
	at ScriptHelper.NewOrderOnnetHelper.UploadDocument(NewOrderOnnetHelper.java:3351)
	at Testscript.NewOrders.EndtoEndOrderOnnet(NewOrders.java:36)
	at sun.reflect.NativeMethodAccessorImpl.invoke0(Native Method)
	at sun.reflect.NativeMethodAccessorImpl.invoke(Unknown Source)
	at sun.reflect.DelegatingMethodAccessorImpl.invoke(Unknown Source)
	at java.lang.reflect.Method.invoke(Unknown Source)
	at org.testng.internal.MethodInvocationHelper.invokeMethod(MethodInvocationHelper.java:84)
	at org.testng.internal.Invoker.invokeMethod(Invoker.java:714)
	at org.testng.internal.Invoker.invokeTestMethod(Invoker.java:901)
	at org.testng.internal.TestMethodWithDataProviderMethodWorker.call(TestMethodWithDataProviderMethodWorker.java:73)
	at org.testng.internal.TestMethodWithDataProviderMethodWorker.call(TestMethodWithDataProviderMethodWorker.java:14)
	at java.util.concurrent.FutureTask.run(Unknown Source)
	at java.util.concurrent.Executors$RunnableAdapter.call(Unknown Source)
	at java.util.concurrent.FutureTask.run(Unknown Source)
	at java.util.concurrent.ThreadPoolExecutor.runWorker(Unknown Source)
	at java.util.concurrent.ThreadPoolExecutor$Worker.run(Unknown Source)
	at java.lang.Thread.run(Unknown Source)
]]>
            </full-stacktrace>
          </exception> <!-- org.openqa.selenium.NoSuchElementException -->
          <reporter-output>
          </reporter-output>
        </test-method> <!-- EndtoEndOrderOnnet -->
        <test-method status="PASS" signature="Teardown2()[pri:0, instance:Testscript.NewOrders@120ebad]" name="Teardown2" is-config="true" duration-ms="2360" started-at="2019-09-10T09:34:41Z" finished-at="2019-09-10T09:34:43Z">
          <reporter-output>
          </reporter-output>
        </test-method> <!-- Teardown2 -->
        <test-method status="PASS" signature="Teardown2()[pri:0, instance:Testscript.NewOrders@120ebad]" name="Teardown2" is-config="true" duration-ms="2336" started-at="2019-09-10T09:44:01Z" finished-at="2019-09-10T09:44:03Z">
          <reporter-output>
          </reporter-output>
        </test-method> <!-- Teardown2 -->
      </class> <!-- Testscript.NewOrders -->
    </test> <!-- Siebel New Order Onnet -->
  </suite> <!-- CPQ End to End Order -->
</testng-results>
