<?xml version="1.0" encoding="UTF-8"?>
<!-- Generated by org.testng.reporters.JUnitXMLReporter -->
<testsuite hostname="ULVMCTMUFT103" name="Siebel New Order Onnet" tests="2" failures="2" timestamp="9 Sep 2019 20:12:18 GMT" time="549.225" errors="0">
  <testcase name="EndtoEndOrderOnnet" time="539.821" classname="Testscript.NewOrders">
    <failure type="java.lang.NullPointerException">
      <![CDATA[java.lang.NullPointerException
	at Driver.XMLReader.getlocator(XMLReader.java:23)
	at ScriptHelper.NewOrderOnnetHelper.enterMandatoryFieldsInHeader(NewOrderOnnetHelper.java:233)
	at Testscript.NewOrders.EndtoEndOrderOnnet(NewOrders.java:26)
... Removed 24 stack frames]]>
    </failure>
  </testcase> <!-- EndtoEndOrderOnnet -->
  <testcase name="EndtoEndOrderOnnet" time="541.218" classname="Testscript.NewOrders">
    <failure type="java.lang.NullPointerException">
      <![CDATA[java.lang.NullPointerException
	at Listners.TestListener.onTestFailure(TestListener.java:68)
... Removed 21 stack frames]]>
    </failure>
  </testcase> <!-- EndtoEndOrderOnnet -->
</testsuite> <!-- Siebel New Order Onnet -->
